This is pdfTeX, Version 3.1415926-1.40.9 (MiKTeX 2.7) (preloaded format=pdflatex 2010.5.12)  28 OCT 2010 06:24
entering extended mode
**D:/LNE*2010/myBeamerTemplate.sty
("D:/LNE 2010/myBeamerTemplate.sty"
LaTeX2e <2005/12/01>
Babel <v3.8l> and hyphenation patterns for english, dumylang, nohyphenation, ge
rman, ngerman, german-x-2008-06-18, ngerman-x-2008-06-18, french, loaded.

LaTeX Warning: You have requested package `',
               but the package provides `myBeamerTemplate'.

Package: myBeamerTemplate 29/03/10 M. Couplet, v0.1
("C:\Program Files\MiKTeX 2.7\tex\latex\base\inputenc.sty"
Package: inputenc 2006/05/05 v1.1b Input encoding file
\inpenc@prehook=\toks14
\inpenc@posthook=\toks15

("C:\Program Files\MiKTeX 2.7\tex\latex\base\latin1.def"
File: latin1.def 2006/05/05 v1.1b Input encoding file
))
("C:\Program Files\MiKTeX 2.7\tex\latex\base\fontenc.sty"
Package: fontenc 2005/09/27 v1.99g Standard LaTeX package

("C:\Program Files\MiKTeX 2.7\tex\latex\base\t1enc.def"
File: t1enc.def 2005/09/27 v1.99g Standard LaTeX file
LaTeX Font Info:    Redeclaring font encoding T1 on input line 43.
))
("C:\Program Files\MiKTeX 2.7\tex\latex\lm\lmodern.sty"
Package: lmodern 2007/01/14 v1.3 Latin Modern Fonts
LaTeX Font Info:    Overwriting symbol font `operators' in version `normal'
(Font)                  OT1/cmr/m/n --> OT1/lmr/m/n on input line 13.
LaTeX Font Info:    Overwriting symbol font `letters' in version `normal'
(Font)                  OML/cmm/m/it --> OML/lmm/m/it on input line 14.
LaTeX Font Info:    Overwriting symbol font `symbols' in version `normal'
(Font)                  OMS/cmsy/m/n --> OMS/lmsy/m/n on input line 15.
LaTeX Font Info:    Overwriting symbol font `largesymbols' in version `normal'
(Font)                  OMX/cmex/m/n --> OMX/lmex/m/n on input line 16.
LaTeX Font Info:    Overwriting symbol font `operators' in version `bold'
(Font)                  OT1/cmr/bx/n --> OT1/lmr/bx/n on input line 17.
LaTeX Font Info:    Overwriting symbol font `letters' in version `bold'
(Font)                  OML/cmm/b/it --> OML/lmm/b/it on input line 18.
LaTeX Font Info:    Overwriting symbol font `symbols' in version `bold'
(Font)                  OMS/cmsy/b/n --> OMS/lmsy/b/n on input line 19.
LaTeX Font Info:    Overwriting symbol font `largesymbols' in version `bold'
(Font)                  OMX/cmex/m/n --> OMX/lmex/m/n on input line 20.
LaTeX Font Info:    Overwriting math alphabet `\mathbf' in version `normal'
(Font)                  OT1/cmr/bx/n --> OT1/lmr/bx/n on input line 22.
LaTeX Font Info:    Overwriting math alphabet `\mathsf' in version `normal'
(Font)                  OT1/cmss/m/n --> OT1/lmss/m/n on input line 23.
LaTeX Font Info:    Overwriting math alphabet `\mathit' in version `normal'
(Font)                  OT1/cmr/m/it --> OT1/lmr/m/it on input line 24.
LaTeX Font Info:    Overwriting math alphabet `\mathtt' in version `normal'
(Font)                  OT1/cmtt/m/n --> OT1/lmtt/m/n on input line 25.
LaTeX Font Info:    Overwriting math alphabet `\mathbf' in version `bold'
(Font)                  OT1/cmr/bx/n --> OT1/lmr/bx/n on input line 26.
LaTeX Font Info:    Overwriting math alphabet `\mathsf' in version `bold'
(Font)                  OT1/cmss/bx/n --> OT1/lmss/bx/n on input line 27.
LaTeX Font Info:    Overwriting math alphabet `\mathit' in version `bold'
(Font)                  OT1/cmr/bx/it --> OT1/lmr/bx/it on input line 28.
LaTeX Font Info:    Overwriting math alphabet `\mathtt' in version `bold'
(Font)                  OT1/cmtt/m/n --> OT1/lmtt/m/n on input line 29.
)
("C:\Program Files\MiKTeX 2.7\tex\generic\babel\babel.sty"
Package: babel 2008/07/06 v3.8l The Babel package

*************************************
* Local config file bblopts.cfg used
*
("C:\Program Files\MiKTeX 2.7\tex\latex\00miktex\bblopts.cfg"
File: bblopts.cfg 2006/07/31 v1.0 MiKTeX 'babel' configuration
)
("C:\Program Files\MiKTeX 2.7\tex\generic\babel\english.ldf"
Language: english 2005/03/30 v3.3o English support from the babel system

("C:\Program Files\MiKTeX 2.7\tex\generic\babel\babel.def"
File: babel.def 2008/07/06 v3.8l Babel common definitions
\babel@savecnt=\count79
\U@D=\dimen102
)
\l@canadian = a dialect from \language\l@american 
\l@australian = a dialect from \language\l@british 
\l@newzealand = a dialect from \language\l@british 
)
("C:\Program Files\MiKTeX 2.7\tex\generic\babel\frenchb.ldf"
Language: frenchb 2008/05/08 v2.2a French support from the babel system
Package babel Info: Making : an active character on input line 119.
Package babel Info: Making ; an active character on input line 120.
Package babel Info: Making ! an active character on input line 121.
Package babel Info: Making ? an active character on input line 122.
\FB@Mht=\dimen103
\std@mcc=\count80
\dec@mcc=\count81
\parindentFFN=\dimen104

*************************************
* Local config file frenchb.cfg used
*
("C:\Program Files\MiKTeX 2.7\tex\generic\babel\frenchb.cfg")))
("C:\Program Files\MiKTeX 2.7\tex\latex\carlisle\scalefnt.sty")
("C:\Program Files\MiKTeX 2.7\tex\latex\graphics\keyval.sty"
Package: keyval 1999/03/16 v1.13 key=value parser (DPC)
\KV@toks@=\toks16
)
("C:\Program Files\MiKTeX 2.7\tex\latex\graphics\graphicx.sty"
Package: graphicx 1999/02/16 v1.0f Enhanced LaTeX Graphics (DPC,SPQR)

("C:\Program Files\MiKTeX 2.7\tex\latex\graphics\graphics.sty"
Package: graphics 2006/02/20 v1.0o Standard LaTeX Graphics (DPC,SPQR)

("C:\Program Files\MiKTeX 2.7\tex\latex\graphics\trig.sty"
Package: trig 1999/03/16 v1.09 sin cos tan (DPC)
)
("C:\Program Files\MiKTeX 2.7\tex\latex\00miktex\graphics.cfg"
File: graphics.cfg 2007/01/18 v1.5 graphics configuration of teTeX/TeXLive
)
Package graphics Info: Driver file: pdftex.def on input line 90.

("C:\Program Files\MiKTeX 2.7\tex\latex\pdftex-def\pdftex.def"
File: pdftex.def 2008/09/08 v0.04l Graphics/color for pdfTeX
\Gread@gobject=\count82
))
\Gin@req@height=\dimen105
\Gin@req@width=\dimen106
)
("C:\Program Files\MiKTeX 2.7\tex\latex\amsmath\amsmath.sty"
Package: amsmath 2000/07/18 v2.13 AMS math features
\@mathmargin=\skip41

For additional information on amsmath, use the `?' option.
("C:\Program Files\MiKTeX 2.7\tex\latex\amsmath\amstext.sty"
Package: amstext 2000/06/29 v2.01

("C:\Program Files\MiKTeX 2.7\tex\latex\amsmath\amsgen.sty"
File: amsgen.sty 1999/11/30 v2.0
\@emptytoks=\toks17
\ex@=\dimen107
))
("C:\Program Files\MiKTeX 2.7\tex\latex\amsmath\amsbsy.sty"
Package: amsbsy 1999/11/29 v1.2d
\pmbraise@=\dimen108
)
("C:\Program Files\MiKTeX 2.7\tex\latex\amsmath\amsopn.sty"
Package: amsopn 1999/12/14 v2.01 operator names
)
\inf@bad=\count83
LaTeX Info: Redefining \frac on input line 211.
\uproot@=\count84
\leftroot@=\count85
LaTeX Info: Redefining \overline on input line 307.
\classnum@=\count86
\DOTSCASE@=\count87
LaTeX Info: Redefining \ldots on input line 379.
LaTeX Info: Redefining \dots on input line 382.
LaTeX Info: Redefining \cdots on input line 467.
\Mathstrutbox@=\box26
\strutbox@=\box27
\big@size=\dimen109
LaTeX Font Info:    Redeclaring font encoding OML on input line 567.
LaTeX Font Info:    Redeclaring font encoding OMS on input line 568.
\macc@depth=\count88
\c@MaxMatrixCols=\count89
\dotsspace@=\muskip10
\c@parentequation=\count90
\dspbrk@lvl=\count91
\tag@help=\toks18
\row@=\count92
\column@=\count93
\maxfields@=\count94
\andhelp@=\toks19
\eqnshift@=\dimen110
\alignsep@=\dimen111
\tagshift@=\dimen112
\tagwidth@=\dimen113
\totwidth@=\dimen114
\lineht@=\dimen115
\@envbody=\toks20
\multlinegap=\skip42
\multlinetaggap=\skip43
\mathdisplay@stack=\toks21
LaTeX Info: Redefining \[ on input line 2666.
LaTeX Info: Redefining \] on input line 2667.
)
("C:\Program Files\MiKTeX 2.7\tex\latex\amsfonts\amsfonts.sty"
Package: amsfonts 2001/10/25 v2.2f
\symAMSa=\mathgroup4
\symAMSb=\mathgroup5
LaTeX Font Info:    Overwriting math alphabet `\mathfrak' in version `bold'
(Font)                  U/euf/m/n --> U/euf/b/n on input line 132.
)
("C:\Program Files\MiKTeX 2.7\tex\latex\amsfonts\amssymb.sty"
Package: amssymb 2002/01/22 v2.2d
)
("C:\Program Files\MiKTeX 2.7\tex\latex\fancybox\fancybox.sty"
Package: fancybox 2000/09/19 1.3

Style option: `fancybox' v1.3 <2000/09/19> (tvz)
\@fancybox=\box28
\shadowsize=\dimen116
\@Sbox=\box29
\do@VerbBox=\toks22
\the@fancyput=\toks23
\this@fancyput=\toks24
\EndVerbatimTokens=\toks25
\Verbatim@Outfile=\write3
\Verbatim@Infile=\read1
)
! Undefined control sequence.
l.47 \mode
          <presentation> {
The control sequence at the end of the top line
of your error message was never \def'ed. If you have
misspelled it (e.g., `\hobx'), type `I' and the correct
spelling (e.g., `I\hbox'). Otherwise just continue,
and I'll forget about whatever was undefined.


! LaTeX Error: Missing \begin{document}.

See the LaTeX manual or LaTeX Companion for explanation.
Type  H <return>  for immediate help.
 ...                                              
                                                  
l.47 \mode<
           presentation> {
You're in trouble here.  Try typing  <return>  to proceed.
If that doesn't work, type  X <return>  to quit.


Overfull \hbox (89.2331pt too wide) in paragraph at lines 47--48
[]\T1/cmr/m/n/10 <presentation>
 []

! Undefined control sequence.
l.54   \usetheme
                {default}
The control sequence at the end of the top line
of your error message was never \def'ed. If you have
misspelled it (e.g., `\hobx'), type `I' and the correct
spelling (e.g., `I\hbox'). Otherwise just continue,
and I'll forget about whatever was undefined.


! LaTeX Error: Missing \begin{document}.

See the LaTeX manual or LaTeX Companion for explanation.
Type  H <return>  for immediate help.
 ...                                              
                                                  
l.54   \usetheme{d
                  efault}
You're in trouble here.  Try typing  <return>  to proceed.
If that doesn't work, type  X <return>  to quit.

! Undefined control sequence.
l.55   \setbeamercovered
                        {transparent}
The control sequence at the end of the top line
of your error message was never \def'ed. If you have
misspelled it (e.g., `\hobx'), type `I' and the correct
spelling (e.g., `I\hbox'). Otherwise just continue,
and I'll forget about whatever was undefined.

! Undefined control sequence.
l.56   \useoutertheme
                     {infolines}
The control sequence at the end of the top line
of your error message was never \def'ed. If you have
misspelled it (e.g., `\hobx'), type `I' and the correct
spelling (e.g., `I\hbox'). Otherwise just continue,
and I'll forget about whatever was undefined.

! Undefined control sequence.
l.57   \useinnertheme
                     {rounded}
The control sequence at the end of the top line
of your error message was never \def'ed. If you have
misspelled it (e.g., `\hobx'), type `I' and the correct
spelling (e.g., `I\hbox'). Otherwise just continue,
and I'll forget about whatever was undefined.

! Undefined control sequence.
l.58   \setbeamertemplate
                         {navigation symbols}{}
The control sequence at the end of the top line
of your error message was never \def'ed. If you have
misspelled it (e.g., `\hobx'), type `I' and the correct
spelling (e.g., `I\hbox'). Otherwise just continue,
and I'll forget about whatever was undefined.

! Undefined control sequence.
l.59   \definecolor
                   {yellowgreen2}{rgb}{0.75,0.8,0.}
The control sequence at the end of the top line
of your error message was never \def'ed. If you have
misspelled it (e.g., `\hobx'), type `I' and the correct
spelling (e.g., `I\hbox'). Otherwise just continue,
and I'll forget about whatever was undefined.

! Undefined control sequence.
l.60   \definecolor
                   {yellowgreen}{rgb}{0.85,0.9,0.}
The control sequence at the end of the top line
of your error message was never \def'ed. If you have
misspelled it (e.g., `\hobx'), type `I' and the correct
spelling (e.g., `I\hbox'). Otherwise just continue,
and I'll forget about whatever was undefined.

! Undefined control sequence.
l.61   \definecolor
                   {bleucool}{rgb}{0.,0.3,0.7}
The control sequence at the end of the top line
of your error message was never \def'ed. If you have
misspelled it (e.g., `\hobx'), type `I' and the correct
spelling (e.g., `I\hbox'). Otherwise just continue,
and I'll forget about whatever was undefined.

! Undefined control sequence.
l.62   \setbeamercolor
                      {section in head/foot}{fg=yellowgreen2}
The control sequence at the end of the top line
of your error message was never \def'ed. If you have
misspelled it (e.g., `\hobx'), type `I' and the correct
spelling (e.g., `I\hbox'). Otherwise just continue,
and I'll forget about whatever was undefined.

! Undefined control sequence.
l.63   \setbeamercolor
                      {subsection in head/foot}{fg=yellowgreen2}
The control sequence at the end of the top line
of your error message was never \def'ed. If you have
misspelled it (e.g., `\hobx'), type `I' and the correct
spelling (e.g., `I\hbox'). Otherwise just continue,
and I'll forget about whatever was undefined.

! Undefined control sequence.
l.64   \setbeamercolor
                      {frametitle}{bg=yellowgreen,fg=bleucool}
The control sequence at the end of the top line
of your error message was never \def'ed. If you have
misspelled it (e.g., `\hobx'), type `I' and the correct
spelling (e.g., `I\hbox'). Otherwise just continue,
and I'll forget about whatever was undefined.

! Undefined control sequence.
l.65   \setbeamercolor
                      {date}{fg=white}
The control sequence at the end of the top line
of your error message was never \def'ed. If you have
misspelled it (e.g., `\hobx'), type `I' and the correct
spelling (e.g., `I\hbox'). Otherwise just continue,
and I'll forget about whatever was undefined.

! Undefined control sequence.
l.66   \setbeamercolor
                      {date in head/foot}{fg=white}
The control sequence at the end of the top line
of your error message was never \def'ed. If you have
misspelled it (e.g., `\hobx'), type `I' and the correct
spelling (e.g., `I\hbox'). Otherwise just continue,
and I'll forget about whatever was undefined.

! Undefined control sequence.
l.67   \setbeamercolor
                      {author in head/foot}{fg=white}
The control sequence at the end of the top line
of your error message was never \def'ed. If you have
misspelled it (e.g., `\hobx'), type `I' and the correct
spelling (e.g., `I\hbox'). Otherwise just continue,
and I'll forget about whatever was undefined.

! Undefined control sequence.
l.68   \setbeamercolor
                      {title in head/foot}{fg=blue}
The control sequence at the end of the top line
of your error message was never \def'ed. If you have
misspelled it (e.g., `\hobx'), type `I' and the correct
spelling (e.g., `I\hbox'). Otherwise just continue,
and I'll forget about whatever was undefined.

! Undefined control sequence.
l.69   \setbeamertemplate
                         {background canvas}[vertical shading]
The control sequence at the end of the top line
of your error message was never \def'ed. If you have
misspelled it (e.g., `\hobx'), type `I' and the correct
spelling (e.g., `I\hbox'). Otherwise just continue,
and I'll forget about whatever was undefined.

! Undefined control sequence.
l.72 \insertframenumber
                       /\inserttotalframenumber}
The control sequence at the end of the top line
of your error message was never \def'ed. If you have
misspelled it (e.g., `\hobx'), type `I' and the correct
spelling (e.g., `I\hbox'). Otherwise just continue,
and I'll forget about whatever was undefined.

! Undefined control sequence.
l.72 \insertframenumber/\inserttotalframenumber
                                               }
The control sequence at the end of the top line
of your error message was never \def'ed. If you have
misspelled it (e.g., `\hobx'), type `I' and the correct
spelling (e.g., `I\hbox'). Otherwise just continue,
and I'll forget about whatever was undefined.


Overfull \hbox (50.27039pt too wide) in paragraph at lines 54--73
[]\T1/cmr/m/n/10 default
 []


Overfull \hbox (25.63263pt too wide) in paragraph at lines 54--73
\T1/cmr/m/n/10 trans-
 []


Overfull \hbox (13.8855pt too wide) in paragraph at lines 54--73
\T1/cmr/m/n/10 pa-
 []


Overfull \hbox (17.5235pt too wide) in paragraph at lines 54--73
\T1/cmr/m/n/10 rent
 []


Overfull \hbox (11.66382pt too wide) in paragraph at lines 54--73
\T1/cmr/m/n/10 in-
 []


Overfull \hbox (11.38611pt too wide) in paragraph at lines 54--73
\T1/cmr/m/n/10 fo-
 []


Overfull \hbox (19.49524pt too wide) in paragraph at lines 54--73
\T1/cmr/m/n/10 lines
 []


Overfull \hbox (23.35541pt too wide) in paragraph at lines 54--73
\T1/cmr/m/n/10 roun-
 []


Overfull \hbox (15.55176pt too wide) in paragraph at lines 54--73
\T1/cmr/m/n/10 ded
 []


Overfull \hbox (13.8855pt too wide) in paragraph at lines 54--73
\T1/cmr/m/n/10 na-
 []


Overfull \hbox (11.38611pt too wide) in paragraph at lines 54--73
\T1/cmr/m/n/10 vi-
 []


Overfull \hbox (13.33008pt too wide) in paragraph at lines 54--73
\T1/cmr/m/n/10 ga-
 []


Overfull \hbox (17.21802pt too wide) in paragraph at lines 54--73
\T1/cmr/m/n/10 tion
 []


Overfull \hbox (20.88379pt too wide) in paragraph at lines 54--73
\T1/cmr/m/n/10 sym-
 []


Overfull \hbox (17.55127pt too wide) in paragraph at lines 54--73
\T1/cmr/m/n/10 bols
 []


Overfull \hbox (15.55176pt too wide) in paragraph at lines 54--73
\T1/cmr/m/n/10 yel-
 []


Overfull \hbox (18.05115pt too wide) in paragraph at lines 54--73
\T1/cmr/m/n/10 low-
 []


Overfull \hbox (86.70105pt too wide) in paragraph at lines 54--73
\T1/cmr/m/n/10 green2rgb0.75,0.8,0.
 []


Overfull \hbox (15.55176pt too wide) in paragraph at lines 54--73
\T1/cmr/m/n/10 yel-
 []


Overfull \hbox (18.05115pt too wide) in paragraph at lines 54--73
\T1/cmr/m/n/10 low-
 []


Overfull \hbox (81.70227pt too wide) in paragraph at lines 54--73
\T1/cmr/m/n/10 greenrgb0.85,0.9,0.
 []


Overfull \hbox (21.66138pt too wide) in paragraph at lines 54--73
\T1/cmr/m/n/10 bleu-
 []


Overfull \hbox (70.84381pt too wide) in paragraph at lines 54--73
\T1/cmr/m/n/10 coolrgb0.,0.3,0.7
 []


Overfull \hbox (16.16272pt too wide) in paragraph at lines 54--73
\T1/cmr/m/n/10 sec-
 []


Overfull \hbox (17.21802pt too wide) in paragraph at lines 54--73
\T1/cmr/m/n/10 tion
 []


Overfull \hbox (8.3313pt too wide) in paragraph at lines 54--73
\T1/cmr/m/n/10 in
 []


Overfull \hbox (113.88885pt too wide) in paragraph at lines 54--73
\T1/cmr/m/n/10 head/footfg=yellowgreen2
 []


Overfull \hbox (18.3844pt too wide) in paragraph at lines 54--73
\T1/cmr/m/n/10 sub-
 []


Overfull \hbox (16.16272pt too wide) in paragraph at lines 54--73
\T1/cmr/m/n/10 sec-
 []


Overfull \hbox (17.21802pt too wide) in paragraph at lines 54--73
\T1/cmr/m/n/10 tion
 []


Overfull \hbox (8.3313pt too wide) in paragraph at lines 54--73
\T1/cmr/m/n/10 in
 []


Overfull \hbox (113.88885pt too wide) in paragraph at lines 54--73
\T1/cmr/m/n/10 head/footfg=yellowgreen2
 []


Overfull \hbox (15.30182pt too wide) in paragraph at lines 54--73
\T1/cmr/m/n/10 fra-
 []


Overfull \hbox (16.10718pt too wide) in paragraph at lines 54--73
\T1/cmr/m/n/10 me-
 []


Overfull \hbox (13.8855pt too wide) in paragraph at lines 54--73
\T1/cmr/m/n/10 tit-
 []


Overfull \hbox (130.27374pt too wide) in paragraph at lines 54--73
\T1/cmr/m/n/10 lebg=yellowgreen,fg=bleucool
 []


Overfull \hbox (13.8855pt too wide) in paragraph at lines 54--73
\T1/cmr/m/n/10 da-
 []


Overfull \hbox (48.04382pt too wide) in paragraph at lines 54--73
\T1/cmr/m/n/10 tefg=white
 []


Overfull \hbox (18.88428pt too wide) in paragraph at lines 54--73
\T1/cmr/m/n/10 date
 []


Overfull \hbox (8.3313pt too wide) in paragraph at lines 54--73
\T1/cmr/m/n/10 in
 []


Overfull \hbox (82.47986pt too wide) in paragraph at lines 54--73
\T1/cmr/m/n/10 head/footfg=white
 []


Overfull \hbox (13.8855pt too wide) in paragraph at lines 54--73
\T1/cmr/m/n/10 au-
 []


Overfull \hbox (18.35663pt too wide) in paragraph at lines 54--73
\T1/cmr/m/n/10 thor
 []


Overfull \hbox (8.3313pt too wide) in paragraph at lines 54--73
\T1/cmr/m/n/10 in
 []


Overfull \hbox (82.47986pt too wide) in paragraph at lines 54--73
\T1/cmr/m/n/10 head/footfg=white
 []


Overfull \hbox (17.77344pt too wide) in paragraph at lines 54--73
\T1/cmr/m/n/10 title
 []


Overfull \hbox (8.3313pt too wide) in paragraph at lines 54--73
\T1/cmr/m/n/10 in
 []


Overfull \hbox (76.92566pt too wide) in paragraph at lines 54--73
\T1/cmr/m/n/10 head/footfg=blue
 []


Overfull \hbox (23.32764pt too wide) in paragraph at lines 54--73
\T1/cmr/m/n/10 back-
 []


Overfull \hbox (30.57587pt too wide) in paragraph at lines 54--73
\T1/cmr/m/n/10 ground
 []


Overfull \hbox (18.32886pt too wide) in paragraph at lines 54--73
\T1/cmr/m/n/10 can-
 []


Overfull \hbox (48.68256pt too wide) in paragraph at lines 54--73
\T1/cmr/m/n/10 vas[vertical
 []


Overfull \hbox (17.82898pt too wide) in paragraph at lines 54--73
\T1/cmr/m/n/10 sha-
 []


Overfull \hbox (21.66138pt too wide) in paragraph at lines 54--73
\T1/cmr/m/n/10 ding]
 []


Overfull \hbox (271.0727pt too wide) in paragraph at lines 54--73
\T1/cmr/m/n/10 [top=yellowgreen,middle=white,midpoint=0.6,bottom=white]
 []


Overfull \hbox (4.99878pt too wide) in paragraph at lines 54--73
\T1/cmr/m/n/10 / 
 []

! Too many }'s.
l.74 }
      
You've closed more groups than you opened.
Such booboos are generally harmless, so keep going.

)
! Emergency stop.
<*> D:/LNE*2010/myBeamerTemplate.sty
                                    
*** (job aborted, no legal \end found)

 
Here is how much of TeX's memory you used:
 2346 strings out of 95304
 26824 string characters out of 1183032
 82045 words of memory out of 1500000
 5568 multiletter control sequences out of 110000
 4403 words of font info for 15 fonts, out of 3000000 for 5000
 14 hyphenation exceptions out of 8191
 27i,0n,24p,249b,37s stack positions out of 5000i,500n,10000p,200000b,50000s
!  ==> Fatal error occurred, no output PDF file produced!
